['/026.cake', '/057.dolphin-101', '/064.elephant-101', '/086.golden-gate-bridge', '/087.goldfish', '/170.rainbow', '/212.teapot', '/213.teddy-bear', '/239.washing-machine', '/241.waterfall']
['/home/nisha/data/256_ObjectCategoriesSubset/train/170.rainbow/170_0003.jpg'
 '/home/nisha/data/256_ObjectCategoriesSubset/train/170.rainbow/170_0005.jpg'
 '/home/nisha/data/256_ObjectCategoriesSubset/train/170.rainbow/170_0007.jpg'
 '/home/nisha/data/256_ObjectCategoriesSubset/train/170.rainbow/170_0012.jpg']
['/026.cake', '/057.dolphin-101', '/064.elephant-101', '/086.golden-gate-bridge', '/087.goldfish', '/170.rainbow', '/212.teapot', '/213.teddy-bear', '/239.washing-machine', '/241.waterfall']
['/home/nisha/data/256_ObjectCategoriesSubset/valid/241.waterfall/241_0015.jpg'
 '/home/nisha/data/256_ObjectCategoriesSubset/valid/241.waterfall/241_0020.jpg'
 '/home/nisha/data/256_ObjectCategoriesSubset/valid/241.waterfall/241_0023.jpg'
 '/home/nisha/data/256_ObjectCategoriesSubset/valid/241.waterfall/241_0028.jpg']
class_indices:  [(0, '/026.cake'), (1, '/057.dolphin-101'), (2, '/064.elephant-101'), (3, '/086.golden-gate-bridge'), (4, '/087.goldfish'), (5, '/170.rainbow'), (6, '/212.teapot'), (7, '/213.teddy-bear'), (8, '/239.washing-machine'), (9, '/241.waterfall')]
x_train:  654
y_train:  torch.Size([654])
x_test:  168
y_test:  torch.Size([168])
x_train_replicated:  6540
y_train_replicated:  torch.Size([6540])
feature extraction
epoch	train_loss	test_loss	train_acc	test_acc
1	1.6616		1.1512		0.853211		0.797619
2	0.9142		0.7479		0.929664		0.886905
3	0.6356		0.5804		0.948012		0.89881
4	0.4983		0.4908		0.95107		0.904762
5	0.4174		0.4151		0.961774		0.910714
6	0.3616		0.398		0.961774		0.928571
7	0.328		0.3419		0.972477		0.928571
8	0.2925		0.3238		0.975535		0.928571
9	0.2722		0.3188		0.974006		0.922619
10	0.2519		0.3036		0.977064		0.940476
feature extraction
epoch	train_loss	test_loss	train_acc	test_acc
1	2.314		2.1768		0.185015		0.190476
2	2.1005		2.0075		0.365443		0.327381
3	1.914		1.8544		0.477064		0.428571
4	1.7817		1.7027		0.58104		0.505952
5	1.6668		1.5847		0.671254		0.60119
6	1.5312		1.4738		0.718654		0.625
7	1.4307		1.3749		0.781346		0.702381
8	1.3353		1.2809		0.819572		0.755952
9	1.2675		1.213		0.844037		0.785714
10	1.1509		1.1491		0.859327		0.803571
11	1.1261		1.0789		0.870031		0.815476
12	1.0658		1.0235		0.889908		0.833333
13	1.0029		0.983		0.900612		0.827381
14	0.9458		0.941		0.908257		0.839286
15	0.8983		0.8856		0.912844		0.857143
16	0.8691		0.8619		0.91896		0.845238
17	0.8472		0.8277		0.920489		0.869048
18	0.7988		0.7954		0.922018		0.875
19	0.7525		0.7639		0.928135		0.886905
20	0.7547		0.7311		0.928135		0.892857
21	0.7337		0.7273		0.934251		0.892857
22	0.7237		0.7029		0.931193		0.892857
23	0.6967		0.6823		0.928135		0.886905
24	0.6546		0.6567		0.929664		0.904762
25	0.6407		0.6183		0.938838		0.904762
26	0.6246		0.6114		0.932722		0.922619
27	0.6088		0.6089		0.937309		0.928571
28	0.5754		0.5964		0.937309		0.922619
29	0.5752		0.5807		0.938838		0.916667
30	0.5751		0.5655		0.940367		0.916667
31	0.5359		0.5561		0.938838		0.910714
32	0.5353		0.5382		0.944954		0.928571
33	0.5048		0.5332		0.938838		0.928571
34	0.5162		0.5163		0.943425		0.940476
35	0.5045		0.5101		0.946483		0.928571
36	0.4817		0.5019		0.948012		0.928571
37	0.5122		0.4886		0.946483		0.922619
38	0.5008		0.484		0.946483		0.910714
39	0.4712		0.4753		0.949541		0.910714
40	0.4578		0.4647		0.948012		0.928571
41	0.4614		0.4667		0.948012		0.934524
42	0.4527		0.4492		0.948012		0.940476
43	0.4203		0.439		0.949541		0.940476
44	0.4372		0.4329		0.948012		0.928571
45	0.437		0.4452		0.949541		0.940476
46	0.4153		0.4239		0.95107		0.946429
47	0.4023		0.4281		0.949541		0.934524
48	0.4228		0.4169		0.949541		0.928571
49	0.4051		0.4066		0.955657		0.946429
50	0.4102		0.406		0.95107		0.946429
51	0.3949		0.4052		0.952599		0.952381
52	0.3677		0.4035		0.958716		0.946429
53	0.3977		0.3894		0.960245		0.946429
54	0.3636		0.3878		0.954128		0.940476
55	0.3656		0.3859		0.961774		0.940476
56	0.3593		0.3855		0.95107		0.940476
57	0.3721		0.38		0.955657		0.940476
58	0.3806		0.3818		0.957187		0.934524
59	0.3566		0.38		0.960245		0.940476
60	0.3624		0.3752		0.958716		0.946429
61	0.3654		0.3753		0.957187		0.934524
62	0.34		0.3645		0.966361		0.934524
63	0.3399		0.3566		0.966361		0.940476
64	0.3259		0.3658		0.960245		0.946429
65	0.3315		0.3541		0.964832		0.946429
66	0.3236		0.3501		0.966361		0.946429
67	0.3228		0.3464		0.964832		0.946429
68	0.325		0.3383		0.966361		0.940476
69	0.3471		0.3385		0.96789		0.946429
70	0.3269		0.356		0.963303		0.934524
71	0.3094		0.3223		0.963303		0.940476
72	0.3352		0.3336		0.966361		0.940476
73	0.3283		0.3302		0.96789		0.940476
74	0.3289		0.3297		0.964832		0.946429
75	0.3206		0.3309		0.970948		0.946429
76	0.2841		0.3227		0.969419		0.940476
77	0.3111		0.3325		0.964832		0.940476
78	0.2811		0.3279		0.966361		0.934524
79	0.2805		0.3263		0.964832		0.940476
80	0.3151		0.3209		0.972477		0.946429
81	0.2986		0.3163		0.964832		0.940476
82	0.2759		0.3137		0.964832		0.934524
83	0.2894		0.3084		0.969419		0.946429
84	0.2939		0.3104		0.972477		0.946429
85	0.2559		0.3174		0.96789		0.940476
86	0.286		0.3113		0.972477		0.940476
87	0.2465		0.3034		0.972477		0.946429
88	0.2795		0.3078		0.969419		0.946429
89	0.2553		0.316		0.977064		0.946429
90	0.2616		0.2981		0.974006		0.934524
91	0.2693		0.2934		0.978593		0.946429
92	0.2629		0.299		0.978593		0.952381
93	0.2782		0.2953		0.977064		0.946429
94	0.2688		0.2906		0.977064		0.952381
95	0.2598		0.2956		0.977064		0.946429
96	0.263		0.2987		0.977064		0.958333
97	0.2585		0.2878		0.978593		0.958333
98	0.2549		0.2939		0.977064		0.946429
99	0.2796		0.2875		0.975535		0.940476
100	0.2577		0.2823		0.974006		0.940476
